0 info it worked if it ends with ok
1 verbose cli [
1 verbose cli   'C:\\Nodist\\v-x64\\12.9.0\\node.exe',
1 verbose cli   'C:\\Nodist\\npmv\\3.10.5\\bin\\npm-cli.js',
1 verbose cli   'version',
1 verbose cli   'patch'
1 verbose cli ]
2 info using npm@3.10.5
3 info using node@v12.9.0
4 info git [ 'status', '--porcelain' ]
5 verbose stack Error: Git working directory not clean.
5 verbose stack M package.json
5 verbose stack     at C:\Nodist\npmv\3.10.5\lib\version.js:247:19
5 verbose stack     at C:\Nodist\npmv\3.10.5\lib\utils\no-progress-while-running.js:21:8
5 verbose stack     at ChildProcess.exithandler (child_process.js:286:7)
5 verbose stack     at ChildProcess.emit (events.js:209:13)
5 verbose stack     at maybeClose (internal/child_process.js:1021:16)
5 verbose stack     at Process.ChildProcess._handle.onexit (internal/child_process.js:283:5)
6 verbose cwd D:\gomi\GitHub\node-gdoctableapp
7 error Windows_NT 10.0.18362
8 error argv "C:\\Nodist\\v-x64\\12.9.0\\node.exe" "C:\\Nodist\\npmv\\3.10.5\\bin\\npm-cli.js" "version" "patch"
9 error node v12.9.0
10 error npm  v3.10.5
11 error Git working directory not clean.
11 error M package.json
12 error If you need help, you may report this error at:
12 error     <https://github.com/npm/npm/issues>
13 verbose exit [ 1, true ]
